<?xml version="1.0" encoding="UTF-8"?>
<!-- Generated by org.testng.reporters.JUnitReportReporter -->
<testsuite hostname="EC2AMAZ-S11DBRH" failures="0" tests="2" name="runner.MyTestRunnerTest" time="5.657" errors="2" timestamp="2023-08-28T07:16:59 GMT" skipped="0">
  <testcase classname="runner.MyTestRunnerTest" name="runScenario" time="0.025">
    <error message="Cannot invoke &quot;org.openqa.selenium.SearchContext.findElement(org.openqa.selenium.By)&quot; because &quot;this.searchContext&quot; is null" type="java.lang.NullPointerException">
      <![CDATA[java.lang.NullPointerException: Cannot invoke "org.openqa.selenium.SearchContext.findElement(org.openqa.selenium.By)" because "this.searchContext" is null
at org.openqa.selenium.support.pagefactory.DefaultElementLocator.findElement(DefaultElementLocator.java:68)
at org.openqa.selenium.support.pagefactory.internal.LocatingElementHandler.invoke(LocatingElementHandler.java:38)
at jdk.proxy2/jdk.proxy2.$Proxy27.click(Unknown Source)
at pages.SearchResultPage.viewDetails(SearchResultPage.java:18)
at stepDefs.OrderStepDefs.user_should_be_on_search_result_page(OrderStepDefs.java:28)
at ✽.User Should Be On Search Result Page(file:///C:/Himmat/BDDPOMCuCumberDemo/src/test/resources/features/PlaceOrder.feature:9)
]]>
    </error>
  </testcase> <!-- runScenario -->
  <system-out/>
  <testcase classname="runner.MyTestRunnerTest" name="runScenario" time="5.632">
    <error message="Cannot invoke &quot;org.openqa.selenium.SearchContext.findElement(org.openqa.selenium.By)&quot; because &quot;this.searchContext&quot; is null" type="java.lang.NullPointerException">
      <![CDATA[java.lang.NullPointerException: Cannot invoke "org.openqa.selenium.SearchContext.findElement(org.openqa.selenium.By)" because "this.searchContext" is null
at org.openqa.selenium.support.pagefactory.DefaultElementLocator.findElement(DefaultElementLocator.java:68)
at org.openqa.selenium.support.pagefactory.internal.LocatingElementHandler.invoke(LocatingElementHandler.java:38)
at jdk.proxy2/jdk.proxy2.$Proxy27.sendKeys(Unknown Source)
at pages.HomePage.searchItem(HomePage.java:27)
at stepDefs.OrderStepDefs.user_search_an_item(OrderStepDefs.java:21)
at ✽.User Search an Item "Parry Hotter"(file:///C:/Himmat/BDDPOMCuCumberDemo/src/test/resources/features/PlaceOrder.feature:5)
]]>
    </error>
  </testcase> <!-- runScenario -->
  <system-out/>
</testsuite> <!-- runner.MyTestRunnerTest -->
